  AdminLoggedIn.cpp
  CustomerRegistration.cpp
C:\Users\Poltato\Documents\GitHub\Taxi_Service_Official\Taxi_Service_Official\CustomerRegistration.cpp(34,18): error C2039: 'card': is not a member of 'paymentMethod'
C:\Users\Poltato\Documents\GitHub\Taxi_Service_Official\Taxi_Service_Official\CustomerRegistration.cpp(3): message : see declaration of 'paymentMethod'
C:\Users\Poltato\Documents\GitHub\Taxi_Service_Official\Taxi_Service_Official\CustomerRegistration.cpp(35,1): error C2143: syntax error: missing ';' before '}'
  DriverRegistration.cpp
C:\Users\Poltato\Documents\GitHub\Taxi_Service_Official\Taxi_Service_Official\DriverRegistration.cpp(12,1): error C2556: 'newDriver driverRegistration(void)': overloaded function differs only by return type from 'void driverRegistration(void)'
C:\Users\Poltato\Documents\GitHub\Taxi_Service_Official\Taxi_Service_Official\Functions.h(22): message : see declaration of 'driverRegistration'
C:\Users\Poltato\Documents\GitHub\Taxi_Service_Official\Taxi_Service_Official\DriverRegistration.cpp(11,11): error C2371: 'driverRegistration': redefinition; different basic types
C:\Users\Poltato\Documents\GitHub\Taxi_Service_Official\Taxi_Service_Official\Functions.h(22): message : see declaration of 'driverRegistration'
C:\Users\Poltato\Documents\GitHub\Taxi_Service_Official\Taxi_Service_Official\DriverRegistration.cpp(19,10): error C2027: use of undefined type 'newDriver'
C:\Users\Poltato\Documents\GitHub\Taxi_Service_Official\Taxi_Service_Official\Functions.h(17): message : see declaration of 'newDriver'
C:\Users\Poltato\Documents\GitHub\Taxi_Service_Official\Taxi_Service_Official\DriverRegistration.cpp(31,41): error C2146: syntax error: missing ';' before identifier 'cin'
C:\Users\Poltato\Documents\GitHub\Taxi_Service_Official\Taxi_Service_Official\DriverRegistration.cpp(39,31): error C2027: use of undefined type 'newDriver'
C:\Users\Poltato\Documents\GitHub\Taxi_Service_Official\Taxi_Service_Official\Functions.h(17): message : see declaration of 'newDriver'
C:\Users\Poltato\Documents\GitHub\Taxi_Service_Official\Taxi_Service_Official\DriverRegistration.cpp(39,31): error C2079: 'filloutDriverRego' uses undefined struct 'newDriver'
C:\Users\Poltato\Documents\GitHub\Taxi_Service_Official\Taxi_Service_Official\DriverRegistration.cpp(39,11): error C2027: use of undefined type 'newDriver'
C:\Users\Poltato\Documents\GitHub\Taxi_Service_Official\Taxi_Service_Official\Functions.h(17): message : see declaration of 'newDriver'
C:\Users\Poltato\Documents\GitHub\Taxi_Service_Official\Taxi_Service_Official\DriverRegistration.cpp(41,12): error C2079: 'test' uses undefined struct 'newDriver'
C:\Users\Poltato\Documents\GitHub\Taxi_Service_Official\Taxi_Service_Official\DriverRegistration.cpp(56,9): error C3861: 'Time': identifier not found
C:\Users\Poltato\Documents\GitHub\Taxi_Service_Official\Taxi_Service_Official\DriverRegistration.cpp(56,20): error C2143: syntax error: missing ')' before ';'
  Functions.cpp
  Landing.cpp
C:\Users\Poltato\Documents\GitHub\Taxi_Service_Official\Taxi_Service_Official\Landing.cpp(12,12): error C2079: 'driver' uses undefined struct 'newDriver'
C:\Users\Poltato\Documents\GitHub\Taxi_Service_Official\Taxi_Service_Official\Landing.cpp(75,33): error C2440: '=': cannot convert from 'void' to 'int'
C:\Users\Poltato\Documents\GitHub\Taxi_Service_Official\Taxi_Service_Official\Landing.cpp(75,31): message : Expressions of type void cannot be converted to other types
  Taxi_Service_Official.cpp
  UserDriverLoggedIn.cpp
C:\Users\Poltato\Documents\GitHub\Taxi_Service_Official\Taxi_Service_Official\UserDriverLoggedIn.cpp(119,17): warning C4101: 'menuOption': unreferenced local variable
C:\Users\Poltato\Documents\GitHub\Taxi_Service_Official\Taxi_Service_Official\UserDriverLoggedIn.cpp(137,14): warning C4101: 'menuOption': unreferenced local variable
C:\Users\Poltato\Documents\GitHub\Taxi_Service_Official\Taxi_Service_Official\UserDriverLoggedIn.cpp(147,7): warning C4101: 'availableState': unreferenced local variable
C:\Users\Poltato\Documents\GitHub\Taxi_Service_Official\Taxi_Service_Official\UserDriverLoggedIn.cpp(195,14): warning C4101: 'menuOption': unreferenced local variable
C:\Users\Poltato\Documents\GitHub\Taxi_Service_Official\Taxi_Service_Official\UserDriverLoggedIn.cpp(263,14): warning C4101: 'menuOption': unreferenced local variable
C:\Users\Poltato\Documents\GitHub\Taxi_Service_Official\Taxi_Service_Official\UserDriverLoggedIn.cpp(292,15): warning C4101: 'accountType': unreferenced local variable
  Generating Code...
C:\Users\Poltato\Documents\GitHub\Taxi_Service_Official\Taxi_Service_Official\AdminLoggedIn.cpp(19): error C4716: 'LoggedInAdmin': must return a value
